therion 6.2.1 (2024-03-20)
  - using Proj 9.3.1, compiled against 9.3.1
initialization file: C:\Program Files\Therion/therion.ini
reading ... done
configuration file: p_work.thcfg
reading ... done
reading source files ... done
preprocessing database ... done
C:\Program Files\Therion\therion.exe: warning -- magnetic declination calculated for dates outside of optimal model range (1900 - 2024)
output coordinate system: UTM37
meridian convergence (deg): 0.6517
geomag declinations (deg):
  2024.1.1  11.4227
  2025.1.1  11.5481
  2026.1.1  11.6737
scanning centreline tree ... done
searching for centerline loops ... done
calculating station coordinates ... done
average loop error: 0.73%
processing survey data ... 
####################### cavern log file ########################
 1> Survex 1.4.8
 2> Copyright (C) 1990-2024 Olly Betts
 3> 
 4> Survey contains 2435 survey stations, joined by 2436 shots.
 5> There are 2 loops.
 6> Total length of survey shots = 1236.17m (1236.14m adjusted)
 7> Total plan length of survey shots = 1223.10m
 8> Total vertical length of survey shots =  101.18m
 9> Vertical range = 18.44m (from 2074 at 172.83m to 397 at 154.39m)
10> North-South range = 216.29m (from 1113 at 6028234.86m to 15 at 6028018.57m)
11> East-West range = 391.99m (from 1713 at 448359.49m to 1 at 447967.50m)
12> 2230 1-nodes.
13>  127 2-nodes.
14>    6 3-nodes.
15>    1 4-node.
16>    1 6-node.
17>    1 8-node.
18>    1 9-node.
19>    2 10-nodes.
20>    2 11-nodes.
21>    1 12-node.
22>    1 13-node.
23>    1 14-node.
24>    1 18-node.
25>    4 19-nodes.
26>    2 22-nodes.
27>    1 23-node.
28>    4 24-nodes.
29>    2 25-nodes.
30>    2 26-nodes.
31>    3 27-nodes.
32>    2 28-nodes.
33>    2 29-nodes.
34>    1 30-node.
35>    4 31-nodes.
36>    2 33-nodes.
37>    1 34-node.
38>    2 35-nodes.
39>    1 36-node.
40>    2 37-nodes.
41>    3 38-nodes.
42>    2 39-nodes.
43>    2 41-nodes.
44>    2 42-nodes.
45>    2 43-nodes.
46>    3 47-nodes.
47>    2 50-nodes.
48>    1 51-node.
49>    1 53-node.
50>    1 55-node.
51>    1 57-node.
52>    3 73-nodes.
53>    1 76-node.
54>    1 78-node.
55> 
######################### transcription ########################
 4> 2435 : .@byaki_09.byaki
 5> 2 : 1@byaki_01.byaki
 9> 2074 : .@byaki_09.byaki -- 397 : .@byaki_05.byaki
10> 1113 : .@byaki_07.byaki -- 15 : 145@byaki_01.byaki
11> 1713 : .@byaki_09.byaki -- 1 : 0@byaki_01.byaki
12> 2230 : .@byaki_09.byaki
13> 127 : .@byaki_05.byaki
14> 6 : 5@byaki_01.byaki
15> 1 : 0@byaki_01.byaki
16> 1 : 0@byaki_01.byaki
17> 1 : 0@byaki_01.byaki
18> 1 : 0@byaki_01.byaki
19> 2 : 1@byaki_01.byaki
20> 2 : 1@byaki_01.byaki
21> 1 : 0@byaki_01.byaki
22> 1 : 0@byaki_01.byaki
23> 1 : 0@byaki_01.byaki
24> 1 : 0@byaki_01.byaki
25> 4 : 3@byaki_01.byaki
26> 2 : 1@byaki_01.byaki
27> 1 : 0@byaki_01.byaki
28> 4 : 3@byaki_01.byaki
29> 2 : 1@byaki_01.byaki
30> 2 : 1@byaki_01.byaki
31> 3 : 2@byaki_01.byaki
32> 2 : 1@byaki_01.byaki
33> 2 : 1@byaki_01.byaki
34> 1 : 0@byaki_01.byaki
35> 4 : 3@byaki_01.byaki
36> 2 : 1@byaki_01.byaki
37> 1 : 0@byaki_01.byaki
38> 2 : 1@byaki_01.byaki
39> 1 : 0@byaki_01.byaki
40> 2 : 1@byaki_01.byaki
41> 3 : 2@byaki_01.byaki
42> 2 : 1@byaki_01.byaki
43> 2 : 1@byaki_01.byaki
44> 2 : 1@byaki_01.byaki
45> 2 : 1@byaki_01.byaki
46> 3 : 2@byaki_01.byaki
47> 2 : 1@byaki_01.byaki
48> 1 : 0@byaki_01.byaki
49> 1 : 0@byaki_01.byaki
50> 1 : 0@byaki_01.byaki
51> 1 : 0@byaki_01.byaki
52> 3 : 2@byaki_01.byaki
53> 1 : 0@byaki_01.byaki
54> 1 : 0@byaki_01.byaki
#################### end of cavern log file ####################
done
calculating basic statistics ... done
processing extended elevation ... done
processing references ... done
selecting export objects ... done
processing projection plan ... done
average distortion: 0.21%


############### export maps & scraps selection #################
M   237.36 work_p@ (Гурьевские каменоломни)
M   157.19 p@ (Гурьевские каменоломни)
S   157.19 byaki_05-320p@ ()
S     -.-- byaki_07-1p@ ()
S     -.-- byaki_08-351p@ ()
S     -.-- byaki_09-1p@ ()
S   316.03 @ ()
S   317.38 @ ()
S   319.64 @ ()
S   317.62 @ ()
S   315.03 @ ()
S   316.06 @ ()
S   315.99 @ ()
S   317.06 @ ()
S   323.01 @ ()
########## end of export maps & scraps selection ###############
writing byaki_p_work.pdf ...
####################### metapost log file ########################
This is MetaPost, version 2.01 (TeX Live 2021/W32TeX) (kpathsea version 6.3.3)  10 JAN 2025 00:44
**data.mp
(c:/Program Files/Therion/texmf/mpost/mpost.mp
(c:/Program Files/Therion/texmf/mpost/plain.mp
Preloading the plain mem file, version 1.005) ) (./data.mp
{randomseed:=42}
 [1] [2] [3] [4]
[5] [6] [7] [8] [9] [10] [11] [12] [13] [14]
[Warning: scrap outline intersects itself in scrap byaki_09-1p] [1] [2] [3]
[4]
[Warning: scrap outline intersects itself in scrap byaki_08-351p]
[Warning: scrap outline intersects itself in scrap byaki_08-351p] [5] [6] [7]
[8] [9] [10] [11]
[Warning: scrap outline intersects itself in scrap byaki_05-320p] [12] [13]
[14] [15] [16] [17] [18] [19] [20] [21] [22] [23] [24] [25] [26] [27] [28]
[29] [30] [31] [32] [33] (./mptextmp.mp) [34] )
 
Here is how much of MetaPost's memory you used:
 58584 strings using 1660301 characters
 3694104 bytes of node memory
 1687 symbolic tokens
 8i,82n,16p,312b,5f stack positions out of 16i,98n,20p,312b,6f
48 output files written: data-patt.1 .. data.34


#################### end of metapost log file ####################
converting scraps ... done
making map ... C:\Program Files\Therion\therion.exe: error -- Map is too large for PDF format. Try smaller scale!
writing xtherion file ... done
