therion 6.2.1 (2024-03-20)
  - using Proj 9.3.1, compiled against 9.3.1
initialization file: C:\Program Files\Therion/therion.ini
reading ... done
configuration file: thconfig
reading ... done
reading source files ... done
preprocessing database ... done
scanning centreline tree ... done
searching for centerline loops ... done
calculating station coordinates ... done
average loop error: 1.06%
processing survey data ... 
####################### cavern log file ########################
 1> Survex 1.4.8
 2> Copyright (C) 1990-2024 Olly Betts
 3> 
 4> Survey contains 2435 survey stations, joined by 2435 shots.
 5> There is 1 loop.
 6> Total length of survey shots = 1236.17m (1236.12m adjusted)
 7> Total plan length of survey shots = 1223.10m
 8> Total vertical length of survey shots =  101.18m
 9> Vertical range = 18.52m (from 2074 at 631.83m to 397 at 613.30m)
10> North-South range = 248.71m (from 1113 at 5077993.68m to 15 at 5077744.97m)
11> East-West range = 384.21m (from 1960 at 1482610.21m to 1 at 1482226.00m)
12> 2231 1-nodes.
13>  126 2-nodes.
14>    7 3-nodes.
15>    1 6-node.
16>    1 8-node.
17>    1 9-node.
18>    2 10-nodes.
19>    2 11-nodes.
20>    1 12-node.
21>    1 13-node.
22>    1 14-node.
23>    1 18-node.
24>    4 19-nodes.
25>    2 22-nodes.
26>    1 23-node.
27>    4 24-nodes.
28>    2 25-nodes.
29>    2 26-nodes.
30>    3 27-nodes.
31>    2 28-nodes.
32>    2 29-nodes.
33>    1 30-node.
34>    4 31-nodes.
35>    2 33-nodes.
36>    1 34-node.
37>    2 35-nodes.
38>    1 36-node.
39>    2 37-nodes.
40>    3 38-nodes.
41>    2 39-nodes.
42>    2 41-nodes.
43>    2 42-nodes.
44>    2 43-nodes.
45>    3 47-nodes.
46>    2 50-nodes.
47>    1 51-node.
48>    1 53-node.
49>    1 55-node.
50>    1 57-node.
51>    3 73-nodes.
52>    1 76-node.
53>    1 78-node.
54> 
######################### transcription ########################
 4> 2435 : .@byaki_09.byaki -- 2435 : .@byaki_09.byaki
 5> 1 : 0@byaki_01.byaki
 9> 2074 : .@byaki_09.byaki -- 397 : .@byaki_05.byaki
10> 1113 : .@byaki_07.byaki -- 15 : 145@byaki_01.byaki
11> 1960 : .@byaki_09.byaki -- 1 : 0@byaki_01.byaki
12> 2231 : .@byaki_09.byaki
13> 126 : .@byaki_05.byaki
14> 7 : 6@byaki_01.byaki
15> 1 : 0@byaki_01.byaki
16> 1 : 0@byaki_01.byaki
17> 1 : 0@byaki_01.byaki
18> 2 : 1@byaki_01.byaki
19> 2 : 1@byaki_01.byaki
20> 1 : 0@byaki_01.byaki
21> 1 : 0@byaki_01.byaki
22> 1 : 0@byaki_01.byaki
23> 1 : 0@byaki_01.byaki
24> 4 : 3@byaki_01.byaki
25> 2 : 1@byaki_01.byaki
26> 1 : 0@byaki_01.byaki
27> 4 : 3@byaki_01.byaki
28> 2 : 1@byaki_01.byaki
29> 2 : 1@byaki_01.byaki
30> 3 : 2@byaki_01.byaki
31> 2 : 1@byaki_01.byaki
32> 2 : 1@byaki_01.byaki
33> 1 : 0@byaki_01.byaki
34> 4 : 3@byaki_01.byaki
35> 2 : 1@byaki_01.byaki
36> 1 : 0@byaki_01.byaki
37> 2 : 1@byaki_01.byaki
38> 1 : 0@byaki_01.byaki
39> 2 : 1@byaki_01.byaki
40> 3 : 2@byaki_01.byaki
41> 2 : 1@byaki_01.byaki
42> 2 : 1@byaki_01.byaki
43> 2 : 1@byaki_01.byaki
44> 2 : 1@byaki_01.byaki
45> 3 : 2@byaki_01.byaki
46> 2 : 1@byaki_01.byaki
47> 1 : 0@byaki_01.byaki
48> 1 : 0@byaki_01.byaki
49> 1 : 0@byaki_01.byaki
50> 1 : 0@byaki_01.byaki
51> 3 : 2@byaki_01.byaki
52> 1 : 0@byaki_01.byaki
53> 1 : 0@byaki_01.byaki
#################### end of cavern log file ####################
done
calculating basic statistics ... done
processing extended elevation ... done
processing references ... done
selecting export objects ... 
C:\Program Files\Therion\therion.exe: warning -- thconfig [11] -- object not found -- "byaki_06-352p_p"
done
processing projection plan ... done


############### export maps & scraps selection #################
S     -.-- @ ()
########## end of export maps & scraps selection ###############
writing p.pdf ...
####################### metapost log file ########################
This is MetaPost, version 2.01 (TeX Live 2021/W32TeX) (kpathsea version 6.3.3)  7 JAN 2025 21:05
**data.mp
(c:/Program Files/Therion/texmf/mpost/mpost.mp
(c:/Program Files/Therion/texmf/mpost/plain.mp
Preloading the plain mem file, version 1.005) ) (./data.mp
{randomseed:=42}
 [1] [2] [3] [4]
[5] [6] [7] [8] [9] [10] [11] [12] [13] [14]
[1] [2] [3] (./mptextmp.mp) [4] )
 
Here is how much of MetaPost's memory you used:
 22861 strings using 788773 characters
 3991168 bytes of node memory
 1684 symbolic tokens
 8i,82n,16p,312b,5f stack positions out of 16i,98n,20p,312b,6f
18 output files written: data-patt.1 .. data-patt.14


#################### end of metapost log file ####################
converting scraps ... done
making map ... done
######################## pdftex log file #########################
This is pdfTeX, Version 3.141592653-2.6-1.40.22 (TeX Live 2021/W32TeX) (preloaded format=pdfetex 2023.12.2)  7 JAN 2025 21:05
entering extended mode
**data.tex
(./data.tex (./th_enc.tex) (./th_texts.tex) (./th_resources.tex
(c:/Program Files/Therion/texmf/tex/glyphtounicode.tex)) (./th_fontdef.tex{c:/P
rogram Files/Therion/texmf/fonts/pdftex.map})
(./th_formdef.tex) (./th_pagedef.tex) (./th_pages.tex)
 51 numeric registers used out of 32768
 [1] ) 
Here is how much of TeX's memory you used:
 274 strings out of 95671
 3837 string characters out of 1192323
 272291 words of memory out of 1732334
 1670 multiletter control sequences out of 15000+50000
 18931 words of font info for 60 fonts, out of 1000000 for 2000
 844 hyphenation exceptions out of 5000
 9i,5n,6p,229b,60s stack positions out of 5000i,500n,10000p,200000b,50000s
<c:/Program Files/Therion/texmf/fonts/type1/cmcss10.pfb><c:/Program Files
/Therion/texmf/fonts/type1/cmss10.pfb><c:/Program Files/Therion/texmf/fonts/typ
e1/cmssi10.pfb>
Output written on data.pdf (1 page, 100902 bytes).
PDF statistics:
 43 PDF objects out of 1000 (max. 8388607)
 26 compressed objects within 1 object stream
 0 named destinations out of 1000 (max. 500000)
 67 words of extra memory for PDF output out of 10000 (max. 10000000)


##################### end of pdftex log file #####################
done
writing xtherion file ... done
compilation time: 1 sec


######################### loop errors ##########################
REL-ERR ABS-ERR TOTAL-L STS X-ERROR Y-ERROR Z-ERROR STATIONS
  1.06%    0.4m   37.8m  10    0.3m   -0.1m   -0.2m [140@byaki_09.byaki - 141 - 142 - 143 - 144 - 145 - 146 - 147 - 148 - 530 - 140]
##################### end of loop errors #######################
